08-05-2021 04:28:46 - QCM.php::query()[12] - SQLSTATE[42000]: Syntax error or access violation: 1064 You have an error in your SQL syntax; check the manual that corresponds to your MySQL server version for the right syntax to use near '%web/%))' at line 3
08-05-2021 04:29:23 - QCM.php::query()[12] - SQLSTATE[42000]: Syntax error or access violation: 1064 You have an error in your SQL syntax; check the manual that corresponds to your MySQL server version for the right syntax to use near '%Web/%))' at line 3
08-05-2021 04:30:09 - QCM.php::query()[12] - SQLSTATE[42000]: Syntax error or access violation: 1064 You have an error in your SQL syntax; check the manual that corresponds to your MySQL server version for the right syntax to use near '%Web%))' at line 3
08-05-2021 04:30:53 - QCM.php::query()[12] - SQLSTATE[42S02]: Base table or view not found: 1146 Table 'daw.evaluation' doesn't exist
08-05-2021 04:31:22 - QCM.php::query()[12] - SQLSTATE[42S02]: Base table or view not found: 1146 Table 'daw.categorie' doesn't exist
08-05-2021 04:32:46 - QCM.php::query()[12] - SQLSTATE[42S22]: Column not found: 1054 Unknown column 'titre' in 'field list'
08-05-2021 04:34:08 - QCM.php::query()[12] - SQLSTATE[42000]: Syntax error or access violation: 1064 You have an error in your SQL syntax; check the manual that corresponds to your MySQL server version for the right syntax to use near ', titre in (
    SELECT id, titre FROM cours WHERE categorie in (
        SELE' at line 1
08-05-2021 04:34:41 - QCM.php::query()[12] - SQLSTATE[42S22]: Column not found: 1054 Unknown column 'titre' in 'field list'
08-05-2021 04:47:23 - QCM.php::query()[18] - SQLSTATE[42S22]: Column not found: 1054 Unknown column 'titre' in 'field list'
08-05-2021 04:47:57 - QCM.php::query()[18] - SQLSTATE[42S22]: Column not found: 1054 Unknown column 'titre' in 'field list'
08-05-2021 04:49:03 - QCM.php::query()[18] - SQLSTATE[42S22]: Column not found: 1054 Unknown column 'titre' in 'field list'
08-05-2021 04:50:01 - QCM.php::query()[18] - SQLSTATE[42S22]: Column not found: 1054 Unknown column 'titre' in 'field list'
08-05-2021 04:50:50 - QCM.php::query()[18] - SQLSTATE[42S22]: Column not found: 1054 Unknown column 'titre' in 'field list'
08-05-2021 05:11:31 - QCM.php::query()[18] - SQLSTATE[42S22]: Column not found: 1054 Unknown column 'titre' in 'field list'
08-05-2021 05:12:40 - QCM.php::query()[18] - SQLSTATE[42S22]: Column not found: 1054 Unknown column 'titre' in 'field list'
08-05-2021 05:14:19 - QCM.php::query()[18] - SQLSTATE[42S22]: Column not found: 1054 Unknown column 'titre' in 'field list'
08-05-2021 05:14:47 - QCM.php::query()[18] - SQLSTATE[42S22]: Column not found: 1054 Unknown column 'titre' in 'field list'
08-05-2021 05:15:25 - QCM.php::query()[18] - SQLSTATE[42S22]: Column not found: 1054 Unknown column 'titre' in 'field list'
08-05-2021 05:15:36 - QCM.php::query()[18] - SQLSTATE[42S22]: Column not found: 1054 Unknown column 'titre' in 'field list'
08-05-2021 05:51:53 - QCM.php::query()[24] - SQLSTATE[42S22]: Column not found: 1054 Unknown column 'titre' in 'field list'
08-05-2021 06:38:00 - router.php::validateReponses()[27] - Undefined array key 1
<<<<<<< Updated upstream
09-05-2021 05:49:05 - recommandation.php::query()[37] - SQLSTATE[42S02]: Base table or view not found: 1146 Table 'daw.resultat' doesn't exist
09-05-2021 05:49:05 - recommandation.php::query()[37] - SQLSTATE[42S02]: Base table or view not found: 1146 Table 'daw.resultat' doesn't exist
09-05-2021 05:49:05 - recommandation.php::query()[37] - SQLSTATE[42S02]: Base table or view not found: 1146 Table 'daw.resultat' doesn't exist
=======
09-05-2021 06:07:53 - recommandation.php::query()[37] - SQLSTATE[42S02]: Base table or view not found: 1146 Table 'daw.resultat' doesn't exist
09-05-2021 06:07:53 - recommandation.php::query()[37] - SQLSTATE[42S02]: Base table or view not found: 1146 Table 'daw.resultat' doesn't exist
09-05-2021 06:07:53 - recommandation.php::query()[37] - SQLSTATE[42S02]: Base table or view not found: 1146 Table 'daw.resultat' doesn't exist
09-05-2021 06:09:22 - recommandation.php::query()[37] - SQLSTATE[42S02]: Base table or view not found: 1146 Table 'daw.resultat' doesn't exist
09-05-2021 06:09:22 - recommandation.php::query()[37] - SQLSTATE[42S02]: Base table or view not found: 1146 Table 'daw.resultat' doesn't exist
09-05-2021 06:09:22 - recommandation.php::query()[37] - SQLSTATE[42S02]: Base table or view not found: 1146 Table 'daw.resultat' doesn't exist
09-05-2021 06:11:21 - recommandation.php::query()[37] - SQLSTATE[42S02]: Base table or view not found: 1146 Table 'daw.resultat' doesn't exist
09-05-2021 06:11:21 - recommandation.php::query()[37] - SQLSTATE[42S02]: Base table or view not found: 1146 Table 'daw.resultat' doesn't exist
09-05-2021 06:11:21 - recommandation.php::query()[37] - SQLSTATE[42S02]: Base table or view not found: 1146 Table 'daw.resultat' doesn't exist
09-05-2021 06:11:36 - recommandation.php::query()[37] - SQLSTATE[42S02]: Base table or view not found: 1146 Table 'daw.resultat' doesn't exist
09-05-2021 06:11:36 - recommandation.php::query()[37] - SQLSTATE[42S02]: Base table or view not found: 1146 Table 'daw.resultat' doesn't exist
09-05-2021 06:11:36 - recommandation.php::query()[37] - SQLSTATE[42S02]: Base table or view not found: 1146 Table 'daw.resultat' doesn't exist
09-05-2021 06:11:57 - recommandation.php::query()[37] - SQLSTATE[42S02]: Base table or view not found: 1146 Table 'daw.resultat' doesn't exist
09-05-2021 06:11:57 - recommandation.php::query()[37] - SQLSTATE[42S02]: Base table or view not found: 1146 Table 'daw.resultat' doesn't exist
09-05-2021 06:11:57 - recommandation.php::query()[37] - SQLSTATE[42S02]: Base table or view not found: 1146 Table 'daw.resultat' doesn't exist
09-05-2021 06:12:32 - recommandation.php::query()[37] - SQLSTATE[42S02]: Base table or view not found: 1146 Table 'daw.resultat' doesn't exist
09-05-2021 06:12:32 - recommandation.php::query()[37] - SQLSTATE[42S02]: Base table or view not found: 1146 Table 'daw.resultat' doesn't exist
09-05-2021 06:12:32 - recommandation.php::query()[37] - SQLSTATE[42S02]: Base table or view not found: 1146 Table 'daw.resultat' doesn't exist
09-05-2021 06:12:52 - recommandation.php::query()[37] - SQLSTATE[42S02]: Base table or view not found: 1146 Table 'daw.resultat' doesn't exist
09-05-2021 06:12:52 - recommandation.php::query()[37] - SQLSTATE[42S02]: Base table or view not found: 1146 Table 'daw.resultat' doesn't exist
09-05-2021 06:12:52 - recommandation.php::query()[37] - SQLSTATE[42S02]: Base table or view not found: 1146 Table 'daw.resultat' doesn't exist
09-05-2021 06:13:32 - recommandation.php::query()[37] - SQLSTATE[42S02]: Base table or view not found: 1146 Table 'daw.resultat' doesn't exist
09-05-2021 06:13:32 - recommandation.php::query()[37] - SQLSTATE[42S02]: Base table or view not found: 1146 Table 'daw.resultat' doesn't exist
09-05-2021 06:13:32 - recommandation.php::query()[37] - SQLSTATE[42S02]: Base table or view not found: 1146 Table 'daw.resultat' doesn't exist
09-05-2021 06:16:44 - recommandation.php::query()[37] - SQLSTATE[42S02]: Base table or view not found: 1146 Table 'daw.resultat' doesn't exist
09-05-2021 06:16:44 - recommandation.php::query()[37] - SQLSTATE[42S02]: Base table or view not found: 1146 Table 'daw.resultat' doesn't exist
09-05-2021 06:16:44 - recommandation.php::query()[37] - SQLSTATE[42S02]: Base table or view not found: 1146 Table 'daw.resultat' doesn't exist
09-05-2021 06:19:13 - recommandation.php::query()[37] - SQLSTATE[42S02]: Base table or view not found: 1146 Table 'daw.resultat' doesn't exist
09-05-2021 06:19:14 - recommandation.php::query()[37] - SQLSTATE[42S02]: Base table or view not found: 1146 Table 'daw.resultat' doesn't exist
09-05-2021 06:19:14 - recommandation.php::query()[37] - SQLSTATE[42S02]: Base table or view not found: 1146 Table 'daw.resultat' doesn't exist
09-05-2021 06:20:11 - recommandation.php::query()[37] - SQLSTATE[42S02]: Base table or view not found: 1146 Table 'daw.resultat' doesn't exist
09-05-2021 06:20:11 - recommandation.php::query()[37] - SQLSTATE[42S02]: Base table or view not found: 1146 Table 'daw.resultat' doesn't exist
09-05-2021 06:20:11 - recommandation.php::query()[37] - SQLSTATE[42S02]: Base table or view not found: 1146 Table 'daw.resultat' doesn't exist
>>>>>>> Stashed changes
